28377 14:16:54.467253 --- Starting bitbake server pid 28377 at 2025-09-24 14:16:54.467236 ---
28377 14:16:54.467918 Started bitbake server pid 28377
28377 14:16:54.468048 Entering server connection loop
28377 14:16:54.468065 Lockfile is: /home/esteban/githubclone/RemoteCar-Embedded/yocto_image/poky-scarthgap-5.0/poky/rpi4/bitbake.lock
Socket is /home/esteban/githubclone/RemoteCar-Embedded/yocto_image/poky-scarthgap-5.0/poky/rpi4/bitbake.sock (True)
28377 14:16:54.468304 Accepting [<socket.socket fd=6, family=1, type=1, proto=0, laddr=bitbake.sock>] ([])
28377 14:16:54.468838 Processing Client
28377 14:16:54.468868 Connecting Client
28377 14:16:54.469076 Running command ['setFeatures', [2, 1]]
28377 14:16:54.469099 Sending reply (None, None)
28377 14:16:54.469161 Command Completed (socket: True)
28377 14:16:54.469657 Running command ['updateConfig', {'halt': True, 'force': False, 'invalidate_stamp': None, 'dry_run': False, 'dump_signatures': [], 'extra_assume_provided': [], 'profile': False, 'prefile': [], 'postfile': [], 'server_timeout': None, 'nosetscene': False, 'setsceneonly': False, 'skipsetscene': False, 'runall': [], 'runonly': None, 'writeeventlog': None, 'build_verbose_shell': False, 'build_verbose_stdout': False, 'default_loglevel': 20, 'debug_domains': {}}, {'SHELL': '/bin/bash', 'BB_ENV_PASSTHROUGH_ADDITIONS': 'ALL_PROXY BBPATH_EXTRA BB_LOGCONFIG BB_NO_NETWORK BB_NUMBER_THREADS BB_SETSCENE_ENFORCE BB_SRCREV_POLICY DISTRO FTPS_PROXY FTP_PROXY GIT_PROXY_COMMAND HTTPS_PROXY HTTP_PROXY MACHINE NO_PROXY PARALLEL_MAKE SCREENDIR SDKMACHINE SOCKS5_PASSWD SOCKS5_USER SSH_AGENT_PID SSH_AUTH_SOCK STAMPS_DIR TCLIBC TCMODE all_proxy ftp_proxy ftps_proxy http_proxy https_proxy no_proxy ', 'SSH_AUTH_SOCK': '/run/user/1000/keyring/ssh', 'PWD': '/home/esteban/githubclone/RemoteCar-Embedded/yocto_image/poky-scarthgap-5.0/poky/rpi4', 'LOGNAME': 'esteban', 'HOME': '/home/esteban', 'BBPATH': '/home/esteban/githubclone/RemoteCar-Embedded/yocto_image/poky-scarthgap-5.0/poky/rpi4', 'USER': 'esteban', 'PATH': '/home/esteban/githubclone/RemoteCar-Embedded/yocto_image/poky-scarthgap-5.0/poky/scripts:/home/esteban/githubclone/RemoteCar-Embedded/yocto_image/poky-scarthgap-5.0/poky/bitbake/bin:/usr/local/sbin:/usr/local/bin:/usr/sbin:/usr/bin:/sbin:/bin:/usr/games:/usr/local/games:/snap/bin:/snap/bin', 'LC_ALL': 'en_US.UTF-8', 'SESSION_MANAGER': 'local/esteban:@/tmp/.ICE-unix/2599,unix/esteban:/tmp/.ICE-unix/2599', 'QT_ACCESSIBILITY': '1', 'COLORTERM': 'truecolor', 'XDG_CONFIG_DIRS': '/etc/xdg/xdg-ubuntu:/etc/xdg', 'XDG_MENU_PREFIX': 'gnome-', 'OE_ADDED_PATHS': '/home/esteban/githubclone/RemoteCar-Embedded/yocto_image/poky-scarthgap-5.0/poky/scripts:/home/esteban/githubclone/RemoteCar-Embedded/yocto_image/poky-scarthgap-5.0/poky/bitbake/bin:', 'GNOME_DESKTOP_SESSION_ID': 'this-is-deprecated', 'GNOME_KEYRING_CONTROL': '/run/user/1000/keyring', 'LANGUAGE': 'en_US:en', 'LC_ADDRESS': 'C.UTF-8', 'GNOME_SHELL_SESSION_MODE': 'ubuntu', 'LC_NAME': 'C.UTF-8', 'MEMORY_PRESSURE_WRITE': 'c29tZSAyMDAwMDAgMjAwMDAwMAA=', 'XMODIFIERS': '@im=ibus', 'DESKTOP_SESSION': 'ubuntu', 'LC_MONETARY': 'C.UTF-8', 'GTK_MODULES': 'gail:atk-bridge', 'XDG_SESSION_DESKTOP': 'ubuntu', 'XDG_SESSION_TYPE': 'wayland', 'SYSTEMD_EXEC_PID': '2830', 'XAUTHORITY': '/run/user/1000/.mutter-Xwaylandauth.7NUED3', 'USERNAME': 'esteban', 'IM_CONFIG_PHASE': '1', 'LC_PAPER': 'C.UTF-8', 'LANG': 'en_US.UTF-8', 'LS_COLORS': 'rs=0:di=01;34:ln=01;36:mh=00:pi=40;33:so=01;35:do=01;35:bd=40;33;01:cd=40;33;01:or=40;31;01:mi=00:su=37;41:sg=30;43:ca=00:tw=30;42:ow=34;42:st=37;44:ex=01;32:*.tar=01;31:*.tgz=01;31:*.arc=01;31:*.arj=01;31:*.taz=01;31:*.lha=01;31:*.lz4=01;31:*.lzh=01;31:*.lzma=01;31:*.tlz=01;31:*.txz=01;31:*.tzo=01;31:*.t7z=01;31:*.zip=01;31:*.z=01;31:*.dz=01;31:*.gz=01;31:*.lrz=01;31:*.lz=01;31:*.lzo=01;31:*.xz=01;31:*.zst=01;31:*.tzst=01;31:*.bz2=01;31:*.bz=01;31:*.tbz=01;31:*.tbz2=01;31:*.tz=01;31:*.deb=01;31:*.rpm=01;31:*.jar=01;31:*.war=01;31:*.ear=01;31:*.sar=01;31:*.rar=01;31:*.alz=01;31:*.ace=01;31:*.zoo=01;31:*.cpio=01;31:*.7z=01;31:*.rz=01;31:*.cab=01;31:*.wim=01;31:*.swm=01;31:*.dwm=01;31:*.esd=01;31:*.avif=01;35:*.jpg=01;35:*.jpeg=01;35:*.mjpg=01;35:*.mjpeg=01;35:*.gif=01;35:*.bmp=01;35:*.pbm=01;35:*.pgm=01;35:*.ppm=01;35:*.tga=01;35:*.xbm=01;35:*.xpm=01;35:*.tif=01;35:*.tiff=01;35:*.png=01;35:*.svg=01;35:*.svgz=01;35:*.mng=01;35:*.pcx=01;35:*.mov=01;35:*.mpg=01;35:*.mpeg=01;35:*.m2v=01;35:*.mkv=01;35:*.webm=01;35:*.webp=01;35:*.ogm=01;35:*.mp4=01;35:*.m4v=01;35:*.mp4v=01;35:*.vob=01;35:*.qt=01;35:*.nuv=01;35:*.wmv=01;35:*.asf=01;35:*.rm=01;35:*.rmvb=01;35:*.flc=01;35:*.avi=01;35:*.fli=01;35:*.flv=01;35:*.gl=01;35:*.dl=01;35:*.xcf=01;35:*.xwd=01;35:*.yuv=01;35:*.cgm=01;35:*.emf=01;35:*.ogv=01;35:*.ogx=01;35:*.aac=00;36:*.au=00;36:*.flac=00;36:*.m4a=00;36:*.mid=00;36:*.midi=00;36:*.mka=00;36:*.mp3=00;36:*.mpc=00;36:*.ogg=00;36:*.ra=00;36:*.wav=00;36:*.oga=00;36:*.opus=00;36:*.spx=00;36:*.xspf=00;36:*~=00;90:*#=00;90:*.bak=00;90:*.crdownload=00;90:*.dpkg-dist=00;90:*.dpkg-new=00;90:*.dpkg-old=00;90:*.dpkg-tmp=00;90:*.old=00;90:*.orig=00;90:*.part=00;90:*.rej=00;90:*.rpmnew=00;90:*.rpmorig=00;90:*.rpmsave=00;90:*.swp=00;90:*.tmp=00;90:*.ucf-dist=00;90:*.ucf-new=00;90:*.ucf-old=00;90:', 'XDG_CURRENT_DESKTOP': 'ubuntu:GNOME', 'MEMORY_PRESSURE_WATCH': '/sys/fs/cgroup/user.slice/user-1000.slice/user@1000.service/session.slice/org.gnome.SettingsDaemon.MediaKeys.service/memory.pressure', 'VTE_VERSION': '7600', 'WAYLAND_DISPLAY': 'wayland-0', 'GNOME_TERMINAL_SCREEN': '/org/gnome/Terminal/screen/62ffc8c8_8e18_4999_928e_6b130ce200a8', 'GNOME_SETUP_DISPLAY': ':1', 'LESSCLOSE': '/usr/bin/lesspipe %s %s', 'XDG_SESSION_CLASS': 'user', 'PYTHONPATH': '/home/esteban/githubclone/RemoteCar-Embedded/yocto_image/poky-scarthgap-5.0/poky/bitbake/lib:/home/esteban/githubclone/RemoteCar-Embedded/yocto_image/poky-scarthgap-5.0/poky/bitbake/lib:/home/esteban/githubclone/RemoteCar-Embedded/yocto_image/poky-scarthgap-5.0/poky/bitbake/lib:/home/esteban/githubclone/RemoteCar-Embedded/yocto_image/poky-scarthgap-5.0/poky/bitbake/lib:', 'TERM': 'xterm-256color', 'LC_IDENTIFICATION': 'C.UTF-8', 'LESSOPEN': '| /usr/bin/lesspipe %s', 'GNOME_TERMINAL_SERVICE': ':1.145', 'DISPLAY': ':0', 'SHLVL': '1', 'GSM_SKIP_SSH_AGENT_WORKAROUND': 'true', 'LC_TELEPHONE': 'C.UTF-8', 'QT_IM_MODULE': 'ibus', 'LC_MEASUREMENT': 'C.UTF-8', 'PAPERSIZE': 'a4', 'XDG_RUNTIME_DIR': '/run/user/1000', 'DEBUGINFOD_URLS': 'https://debuginfod.ubuntu.com ', 'LC_TIME': 'C.UTF-8', 'XDG_DATA_DIRS': '/usr/share/ubuntu:/usr/share/gnome:/usr/local/share/:/usr/share/:/var/lib/snapd/desktop', 'GDMSESSION': 'ubuntu', 'DBUS_SESSION_BUS_ADDRESS': 'unix:path=/run/user/1000/bus', 'BUILDDIR': '/home/esteban/githubclone/RemoteCar-Embedded/yocto_image/poky-scarthgap-5.0/poky/rpi4', 'LC_NUMERIC': 'C.UTF-8', 'OLDPWD': '/home/esteban/githubclone/RemoteCar-Embedded/yocto_image/poky-scarthgap-5.0/poky', '_': '/home/esteban/githubclone/RemoteCar-Embedded/yocto_image/poky-scarthgap-5.0/poky/bitbake/bin/bitbake'}, ['/home/esteban/githubclone/RemoteCar-Embedded/yocto_image/poky-scarthgap-5.0/poky/bitbake/bin/bitbake', 'core-image-minimal']]
28377 14:16:54.656533 Sending reply (None, 'bb.BBHandledException()\nTraceback (most recent call last):\n  File "/home/esteban/githubclone/RemoteCar-Embedded/yocto_image/poky-scarthgap-5.0/poky/bitbake/lib/bb/cookerdata.py", line 162, in wrapped\n    return func(fn, *args)\n           ^^^^^^^^^^^^^^^\n  File "/home/esteban/githubclone/RemoteCar-Embedded/yocto_image/poky-scarthgap-5.0/poky/bitbake/lib/bb/cookerdata.py", line 179, in parse_config_file\n    return bb.parse.handle(fn, data, include, baseconfig=True)\n           ^^^^^^^^^^^^^^^^^^^^^^^^^^^^^^^^^^^^^^^^^^^^^^^^^^^\n  File "/home/esteban/githubclone/RemoteCar-Embedded/yocto_image/poky-scarthgap-5.0/poky/bitbake/lib/bb/parse/__init__.py", line 119, in handle\n    return h[\'handle\'](fn, data, include, baseconfig)\n           ^^^^^^^^^^^^^^^^^^^^^^^^^^^^^^^^^^^^^^^^^^\n  File "/home/esteban/githubclone/RemoteCar-Embedded/yocto_image/poky-scarthgap-5.0/poky/bitbake/lib/bb/parse/parse_py/ConfHandler.py", line 119, in handle\n    abs_fn = resolve_file(fn, data)\n             ^^^^^^^^^^^^^^^^^^^^^^\n  File "/home/esteban/githubclone/RemoteCar-Embedded/yocto_image/poky-scarthgap-5.0/poky/bitbake/lib/bb/parse/__init__.py", line 145, in resolve_file\n    raise IOError(errno.ENOENT, "file %s not found" % fn)\nFileNotFoundError: [Errno 2] file /home/esteban/githubclone/RemoteCar-Embedded/yocto_image/poky-scarthgap-5.0/poky/meta-projectconfig/conf/layer.conf not found\n\nDuring handling of the above exception, another exception occurred:\n\nTraceback (most recent call last):\n  File "/home/esteban/githubclone/RemoteCar-Embedded/yocto_image/poky-scarthgap-5.0/poky/bitbake/lib/bb/command.py", line 90, in runCommand\n    result = command_method(self, commandline)\n             ^^^^^^^^^^^^^^^^^^^^^^^^^^^^^^^^^\n  File "/home/esteban/githubclone/RemoteCar-Embedded/yocto_image/poky-scarthgap-5.0/poky/bitbake/lib/bb/command.py", line 290, in updateConfig\n    command.cooker.updateConfigOpts(options, environment, cmdline)\n  File "/home/esteban/githubclone/RemoteCar-Embedded/yocto_image/poky-scarthgap-5.0/poky/bitbake/lib/bb/cooker.py", line 463, in updateConfigOpts\n    self.reset()\n  File "/home/esteban/githubclone/RemoteCar-Embedded/yocto_image/poky-scarthgap-5.0/poky/bitbake/lib/bb/cooker.py", line 1736, in reset\n    self.initConfigurationData()\n  File "/home/esteban/githubclone/RemoteCar-Embedded/yocto_image/poky-scarthgap-5.0/poky/bitbake/lib/bb/cooker.py", line 283, in initConfigurationData\n    self.databuilder.parseBaseConfiguration()\n  File "/home/esteban/githubclone/RemoteCar-Embedded/yocto_image/poky-scarthgap-5.0/poky/bitbake/lib/bb/cookerdata.py", line 261, in parseBaseConfiguration\n    self.data = self.parseConfigurationFiles(self.prefiles, self.postfiles)\n                ^^^^^^^^^^^^^^^^^^^^^^^^^^^^^^^^^^^^^^^^^^^^^^^^^^^^^^^^^^^\n  File "/home/esteban/githubclone/RemoteCar-Embedded/yocto_image/poky-scarthgap-5.0/poky/bitbake/lib/bb/cookerdata.py", line 395, in parseConfigurationFiles\n    data = parse_config_file(os.path.join(layer, "conf", "layer.conf"), data)\n           ^^^^^^^^^^^^^^^^^^^^^^^^^^^^^^^^^^^^^^^^^^^^^^^^^^^^^^^^^^^^^^^^^^\n  File "/home/esteban/githubclone/RemoteCar-Embedded/yocto_image/poky-scarthgap-5.0/poky/bitbake/lib/bb/cookerdata.py", line 174, in wrapped\n    raise bb.BBHandledException()\nbb.BBHandledException\n')
28377 14:16:54.656611 Command Completed (socket: True)
28377 14:16:54.906605 Processing Client
28377 14:16:54.906788 Disconnecting Client (socket: True)
28377 14:16:54.907110 No timeout, exiting.
28377 14:16:55.007585 Exiting (socket: True)
28377 14:16:55.008668 Exiting as we could obtain the lock
sys:1: ResourceWarning: unclosed file <_io.TextIOWrapper name='/home/esteban/githubclone/RemoteCar-Embedded/yocto_image/poky-scarthgap-5.0/poky/rpi4/bitbake-cookerdaemon.log' mode='a+' encoding='UTF-8'>
29490 14:27:57.190847 --- Starting bitbake server pid 29490 at 2025-09-24 14:27:57.190828 ---
29490 14:27:57.191468 Started bitbake server pid 29490
29490 14:27:57.191646 Entering server connection loop
29490 14:27:57.191664 Lockfile is: /home/esteban/githubclone/RemoteCar-Embedded/yocto_image/poky-scarthgap-5.0/poky/rpi4/bitbake.lock
Socket is /home/esteban/githubclone/RemoteCar-Embedded/yocto_image/poky-scarthgap-5.0/poky/rpi4/bitbake.sock (True)
29490 14:27:57.191903 Accepting [<socket.socket fd=6, family=1, type=1, proto=0, laddr=bitbake.sock>] ([])
29490 14:27:57.192255 Processing Client
29490 14:27:57.192278 Connecting Client
29490 14:27:57.192473 Running command ['setFeatures', [2, 1]]
29490 14:27:57.192497 Sending reply (None, None)
29490 14:27:57.192595 Command Completed (socket: True)
29490 14:27:57.193112 Running command ['updateConfig', {'halt': True, 'force': False, 'invalidate_stamp': None, 'dry_run': False, 'dump_signatures': [], 'extra_assume_provided': [], 'profile': False, 'prefile': [], 'postfile': [], 'server_timeout': None, 'nosetscene': False, 'setsceneonly': False, 'skipsetscene': False, 'runall': [], 'runonly': None, 'writeeventlog': None, 'build_verbose_shell': False, 'build_verbose_stdout': False, 'default_loglevel': 20, 'debug_domains': {}}, {'SHELL': '/bin/bash', 'BB_ENV_PASSTHROUGH_ADDITIONS': 'ALL_PROXY BBPATH_EXTRA BB_LOGCONFIG BB_NO_NETWORK BB_NUMBER_THREADS BB_SETSCENE_ENFORCE BB_SRCREV_POLICY DISTRO FTPS_PROXY FTP_PROXY GIT_PROXY_COMMAND HTTPS_PROXY HTTP_PROXY MACHINE NO_PROXY PARALLEL_MAKE SCREENDIR SDKMACHINE SOCKS5_PASSWD SOCKS5_USER SSH_AGENT_PID SSH_AUTH_SOCK STAMPS_DIR TCLIBC TCMODE all_proxy ftp_proxy ftps_proxy http_proxy https_proxy no_proxy ', 'SSH_AUTH_SOCK': '/run/user/1000/keyring/ssh', 'PWD': '/home/esteban/githubclone/RemoteCar-Embedded/yocto_image/poky-scarthgap-5.0/poky/rpi4', 'LOGNAME': 'esteban', 'HOME': '/home/esteban', 'BBPATH': '/home/esteban/githubclone/RemoteCar-Embedded/yocto_image/poky-scarthgap-5.0/poky/rpi4', 'USER': 'esteban', 'PATH': '/home/esteban/githubclone/RemoteCar-Embedded/yocto_image/poky-scarthgap-5.0/poky/scripts:/home/esteban/githubclone/RemoteCar-Embedded/yocto_image/poky-scarthgap-5.0/poky/bitbake/bin:/usr/local/sbin:/usr/local/bin:/usr/sbin:/usr/bin:/sbin:/bin:/usr/games:/usr/local/games:/snap/bin:/snap/bin', 'LC_ALL': 'en_US.UTF-8', 'SESSION_MANAGER': 'local/esteban:@/tmp/.ICE-unix/2599,unix/esteban:/tmp/.ICE-unix/2599', 'QT_ACCESSIBILITY': '1', 'COLORTERM': 'truecolor', 'XDG_CONFIG_DIRS': '/etc/xdg/xdg-ubuntu:/etc/xdg', 'XDG_MENU_PREFIX': 'gnome-', 'OE_ADDED_PATHS': '/home/esteban/githubclone/RemoteCar-Embedded/yocto_image/poky-scarthgap-5.0/poky/scripts:/home/esteban/githubclone/RemoteCar-Embedded/yocto_image/poky-scarthgap-5.0/poky/bitbake/bin:', 'GNOME_DESKTOP_SESSION_ID': 'this-is-deprecated', 'GNOME_KEYRING_CONTROL': '/run/user/1000/keyring', 'LANGUAGE': 'en_US:en', 'LC_ADDRESS': 'C.UTF-8', 'GNOME_SHELL_SESSION_MODE': 'ubuntu', 'LC_NAME': 'C.UTF-8', 'MEMORY_PRESSURE_WRITE': 'c29tZSAyMDAwMDAgMjAwMDAwMAA=', 'XMODIFIERS': '@im=ibus', 'DESKTOP_SESSION': 'ubuntu', 'LC_MONETARY': 'C.UTF-8', 'GTK_MODULES': 'gail:atk-bridge', 'XDG_SESSION_DESKTOP': 'ubuntu', 'XDG_SESSION_TYPE': 'wayland', 'SYSTEMD_EXEC_PID': '2830', 'XAUTHORITY': '/run/user/1000/.mutter-Xwaylandauth.7NUED3', 'USERNAME': 'esteban', 'IM_CONFIG_PHASE': '1', 'LC_PAPER': 'C.UTF-8', 'LANG': 'en_US.UTF-8', 'LS_COLORS': 'rs=0:di=01;34:ln=01;36:mh=00:pi=40;33:so=01;35:do=01;35:bd=40;33;01:cd=40;33;01:or=40;31;01:mi=00:su=37;41:sg=30;43:ca=00:tw=30;42:ow=34;42:st=37;44:ex=01;32:*.tar=01;31:*.tgz=01;31:*.arc=01;31:*.arj=01;31:*.taz=01;31:*.lha=01;31:*.lz4=01;31:*.lzh=01;31:*.lzma=01;31:*.tlz=01;31:*.txz=01;31:*.tzo=01;31:*.t7z=01;31:*.zip=01;31:*.z=01;31:*.dz=01;31:*.gz=01;31:*.lrz=01;31:*.lz=01;31:*.lzo=01;31:*.xz=01;31:*.zst=01;31:*.tzst=01;31:*.bz2=01;31:*.bz=01;31:*.tbz=01;31:*.tbz2=01;31:*.tz=01;31:*.deb=01;31:*.rpm=01;31:*.jar=01;31:*.war=01;31:*.ear=01;31:*.sar=01;31:*.rar=01;31:*.alz=01;31:*.ace=01;31:*.zoo=01;31:*.cpio=01;31:*.7z=01;31:*.rz=01;31:*.cab=01;31:*.wim=01;31:*.swm=01;31:*.dwm=01;31:*.esd=01;31:*.avif=01;35:*.jpg=01;35:*.jpeg=01;35:*.mjpg=01;35:*.mjpeg=01;35:*.gif=01;35:*.bmp=01;35:*.pbm=01;35:*.pgm=01;35:*.ppm=01;35:*.tga=01;35:*.xbm=01;35:*.xpm=01;35:*.tif=01;35:*.tiff=01;35:*.png=01;35:*.svg=01;35:*.svgz=01;35:*.mng=01;35:*.pcx=01;35:*.mov=01;35:*.mpg=01;35:*.mpeg=01;35:*.m2v=01;35:*.mkv=01;35:*.webm=01;35:*.webp=01;35:*.ogm=01;35:*.mp4=01;35:*.m4v=01;35:*.mp4v=01;35:*.vob=01;35:*.qt=01;35:*.nuv=01;35:*.wmv=01;35:*.asf=01;35:*.rm=01;35:*.rmvb=01;35:*.flc=01;35:*.avi=01;35:*.fli=01;35:*.flv=01;35:*.gl=01;35:*.dl=01;35:*.xcf=01;35:*.xwd=01;35:*.yuv=01;35:*.cgm=01;35:*.emf=01;35:*.ogv=01;35:*.ogx=01;35:*.aac=00;36:*.au=00;36:*.flac=00;36:*.m4a=00;36:*.mid=00;36:*.midi=00;36:*.mka=00;36:*.mp3=00;36:*.mpc=00;36:*.ogg=00;36:*.ra=00;36:*.wav=00;36:*.oga=00;36:*.opus=00;36:*.spx=00;36:*.xspf=00;36:*~=00;90:*#=00;90:*.bak=00;90:*.crdownload=00;90:*.dpkg-dist=00;90:*.dpkg-new=00;90:*.dpkg-old=00;90:*.dpkg-tmp=00;90:*.old=00;90:*.orig=00;90:*.part=00;90:*.rej=00;90:*.rpmnew=00;90:*.rpmorig=00;90:*.rpmsave=00;90:*.swp=00;90:*.tmp=00;90:*.ucf-dist=00;90:*.ucf-new=00;90:*.ucf-old=00;90:', 'XDG_CURRENT_DESKTOP': 'ubuntu:GNOME', 'MEMORY_PRESSURE_WATCH': '/sys/fs/cgroup/user.slice/user-1000.slice/user@1000.service/session.slice/org.gnome.SettingsDaemon.MediaKeys.service/memory.pressure', 'VTE_VERSION': '7600', 'WAYLAND_DISPLAY': 'wayland-0', 'GNOME_TERMINAL_SCREEN': '/org/gnome/Terminal/screen/62ffc8c8_8e18_4999_928e_6b130ce200a8', 'GNOME_SETUP_DISPLAY': ':1', 'LESSCLOSE': '/usr/bin/lesspipe %s %s', 'XDG_SESSION_CLASS': 'user', 'PYTHONPATH': '/home/esteban/githubclone/RemoteCar-Embedded/yocto_image/poky-scarthgap-5.0/poky/bitbake/lib:/home/esteban/githubclone/RemoteCar-Embedded/yocto_image/poky-scarthgap-5.0/poky/bitbake/lib:/home/esteban/githubclone/RemoteCar-Embedded/yocto_image/poky-scarthgap-5.0/poky/bitbake/lib:/home/esteban/githubclone/RemoteCar-Embedded/yocto_image/poky-scarthgap-5.0/poky/bitbake/lib:/home/esteban/githubclone/RemoteCar-Embedded/yocto_image/poky-scarthgap-5.0/poky/bitbake/lib:', 'TERM': 'xterm-256color', 'LC_IDENTIFICATION': 'C.UTF-8', 'LESSOPEN': '| /usr/bin/lesspipe %s', 'GNOME_TERMINAL_SERVICE': ':1.145', 'DISPLAY': ':0', 'SHLVL': '1', 'GSM_SKIP_SSH_AGENT_WORKAROUND': 'true', 'LC_TELEPHONE': 'C.UTF-8', 'QT_IM_MODULE': 'ibus', 'LC_MEASUREMENT': 'C.UTF-8', 'PAPERSIZE': 'a4', 'XDG_RUNTIME_DIR': '/run/user/1000', 'DEBUGINFOD_URLS': 'https://debuginfod.ubuntu.com ', 'LC_TIME': 'C.UTF-8', 'XDG_DATA_DIRS': '/usr/share/ubuntu:/usr/share/gnome:/usr/local/share/:/usr/share/:/var/lib/snapd/desktop', 'GDMSESSION': 'ubuntu', 'DBUS_SESSION_BUS_ADDRESS': 'unix:path=/run/user/1000/bus', 'BUILDDIR': '/home/esteban/githubclone/RemoteCar-Embedded/yocto_image/poky-scarthgap-5.0/poky/rpi4', 'LC_NUMERIC': 'C.UTF-8', 'OLDPWD': '/home/esteban/githubclone/RemoteCar-Embedded/yocto_image/poky-scarthgap-5.0/poky', '_': '/home/esteban/githubclone/RemoteCar-Embedded/yocto_image/poky-scarthgap-5.0/poky/bitbake/bin/bitbake'}, ['/home/esteban/githubclone/RemoteCar-Embedded/yocto_image/poky-scarthgap-5.0/poky/bitbake/bin/bitbake', 'core-image-minimal']]
29490 14:27:57.358795 Sending reply (None, 'bb.BBHandledException()\nTraceback (most recent call last):\n  File "/home/esteban/githubclone/RemoteCar-Embedded/yocto_image/poky-scarthgap-5.0/poky/bitbake/lib/bb/cookerdata.py", line 162, in wrapped\n    return func(fn, *args)\n           ^^^^^^^^^^^^^^^\n  File "/home/esteban/githubclone/RemoteCar-Embedded/yocto_image/poky-scarthgap-5.0/poky/bitbake/lib/bb/cookerdata.py", line 179, in parse_config_file\n    return bb.parse.handle(fn, data, include, baseconfig=True)\n           ^^^^^^^^^^^^^^^^^^^^^^^^^^^^^^^^^^^^^^^^^^^^^^^^^^^\n  File "/home/esteban/githubclone/RemoteCar-Embedded/yocto_image/poky-scarthgap-5.0/poky/bitbake/lib/bb/parse/__init__.py", line 119, in handle\n    return h[\'handle\'](fn, data, include, baseconfig)\n           ^^^^^^^^^^^^^^^^^^^^^^^^^^^^^^^^^^^^^^^^^^\n  File "/home/esteban/githubclone/RemoteCar-Embedded/yocto_image/poky-scarthgap-5.0/poky/bitbake/lib/bb/parse/parse_py/ConfHandler.py", line 152, in handle\n    statements.eval(data)\n  File "/home/esteban/githubclone/RemoteCar-Embedded/yocto_image/poky-scarthgap-5.0/poky/bitbake/lib/bb/parse/ast.py", line 20, in eval\n    statement.eval(data)\n  File "/home/esteban/githubclone/RemoteCar-Embedded/yocto_image/poky-scarthgap-5.0/poky/bitbake/lib/bb/parse/ast.py", line 44, in eval\n    bb.parse.ConfHandler.include(self.filename, s, self.lineno, data, False)\n  File "/home/esteban/githubclone/RemoteCar-Embedded/yocto_image/poky-scarthgap-5.0/poky/bitbake/lib/bb/parse/parse_py/ConfHandler.py", line 68, in include\n    include_single_file(parentfn, fn, lineno, data, error_out)\n  File "/home/esteban/githubclone/RemoteCar-Embedded/yocto_image/poky-scarthgap-5.0/poky/bitbake/lib/bb/parse/parse_py/ConfHandler.py", line 91, in include_single_file\n    bb.parse.handle(fn, data, True)\n  File "/home/esteban/githubclone/RemoteCar-Embedded/yocto_image/poky-scarthgap-5.0/poky/bitbake/lib/bb/parse/__init__.py", line 119, in handle\n    return h[\'handle\'](fn, data, include, baseconfig)\n           ^^^^^^^^^^^^^^^^^^^^^^^^^^^^^^^^^^^^^^^^^^\n  File "/home/esteban/githubclone/RemoteCar-Embedded/yocto_image/poky-scarthgap-5.0/poky/bitbake/lib/bb/parse/parse_py/ConfHandler.py", line 152, in handle\n    statements.eval(data)\n  File "/home/esteban/githubclone/RemoteCar-Embedded/yocto_image/poky-scarthgap-5.0/poky/bitbake/lib/bb/parse/ast.py", line 20, in eval\n    statement.eval(data)\n  File "/home/esteban/githubclone/RemoteCar-Embedded/yocto_image/poky-scarthgap-5.0/poky/bitbake/lib/bb/parse/ast.py", line 150, in eval\n    data.setVar(key, val, parsing=True, **loginfo)\n  File "/home/esteban/githubclone/RemoteCar-Embedded/yocto_image/poky-scarthgap-5.0/poky/bitbake/lib/bb/data_smart.py", line 551, in setVar\n    bb.fatal("Variable %s contains an operation using the old override syntax. Please convert this layer/metadata before attempting to use with a newer bitbake." % info)\n  File "/home/esteban/githubclone/RemoteCar-Embedded/yocto_image/poky-scarthgap-5.0/poky/bitbake/lib/bb/__init__.py", line 190, in fatal\n    raise BBHandledException()\nbb.BBHandledException\n\nDuring handling of the above exception, another exception occurred:\n\nTraceback (most recent call last):\n  File "/home/esteban/githubclone/RemoteCar-Embedded/yocto_image/poky-scarthgap-5.0/poky/bitbake/lib/bb/command.py", line 90, in runCommand\n    result = command_method(self, commandline)\n             ^^^^^^^^^^^^^^^^^^^^^^^^^^^^^^^^^\n  File "/home/esteban/githubclone/RemoteCar-Embedded/yocto_image/poky-scarthgap-5.0/poky/bitbake/lib/bb/command.py", line 290, in updateConfig\n    command.cooker.updateConfigOpts(options, environment, cmdline)\n  File "/home/esteban/githubclone/RemoteCar-Embedded/yocto_image/poky-scarthgap-5.0/poky/bitbake/lib/bb/cooker.py", line 463, in updateConfigOpts\n    self.reset()\n  File "/home/esteban/githubclone/RemoteCar-Embedded/yocto_image/poky-scarthgap-5.0/poky/bitbake/lib/bb/cooker.py", line 1736, in reset\n    self.initConfigurationData()\n  File "/home/esteban/githubclone/RemoteCar-Embedded/yocto_image/poky-scarthgap-5.0/poky/bitbake/lib/bb/cooker.py", line 283, in initConfigurationData\n    self.databuilder.parseBaseConfiguration()\n  File "/home/esteban/githubclone/RemoteCar-Embedded/yocto_image/poky-scarthgap-5.0/poky/bitbake/lib/bb/cookerdata.py", line 261, in parseBaseConfiguration\n    self.data = self.parseConfigurationFiles(self.prefiles, self.postfiles)\n                ^^^^^^^^^^^^^^^^^^^^^^^^^^^^^^^^^^^^^^^^^^^^^^^^^^^^^^^^^^^\n  File "/home/esteban/githubclone/RemoteCar-Embedded/yocto_image/poky-scarthgap-5.0/poky/bitbake/lib/bb/cookerdata.py", line 471, in parseConfigurationFiles\n    data = parse_config_file(os.path.join("conf", "bitbake.conf"), data)\n           ^^^^^^^^^^^^^^^^^^^^^^^^^^^^^^^^^^^^^^^^^^^^^^^^^^^^^^^^^^^^^\n  File "/home/esteban/githubclone/RemoteCar-Embedded/yocto_image/poky-scarthgap-5.0/poky/bitbake/lib/bb/cookerdata.py", line 174, in wrapped\n    raise bb.BBHandledException()\nbb.BBHandledException\n')
29490 14:27:57.358874 Command Completed (socket: True)
29490 14:27:57.608184 Processing Client
29490 14:27:57.608422 Disconnecting Client (socket: True)
29490 14:27:57.608938 No timeout, exiting.
29490 14:27:57.709349 Exiting (socket: True)
29490 14:27:57.713988 Exiting as we could obtain the lock
sys:1: ResourceWarning: unclosed file <_io.TextIOWrapper name='/home/esteban/githubclone/RemoteCar-Embedded/yocto_image/poky-scarthgap-5.0/poky/rpi4/bitbake-cookerdaemon.log' mode='a+' encoding='UTF-8'>
29693 14:29:32.630485 --- Starting bitbake server pid 29693 at 2025-09-24 14:29:32.630468 ---
29693 14:29:32.631094 Started bitbake server pid 29693
29693 14:29:32.631240 Entering server connection loop
29693 14:29:32.631271 Lockfile is: /home/esteban/githubclone/RemoteCar-Embedded/yocto_image/poky-scarthgap-5.0/poky/rpi4/bitbake.lock
Socket is /home/esteban/githubclone/RemoteCar-Embedded/yocto_image/poky-scarthgap-5.0/poky/rpi4/bitbake.sock (True)
29693 14:29:32.631506 Accepting [<socket.socket fd=6, family=1, type=1, proto=0, laddr=bitbake.sock>] ([])
29693 14:29:32.631930 Processing Client
29693 14:29:32.631958 Connecting Client
29693 14:29:32.632151 Running command ['setFeatures', [2, 1]]
29693 14:29:32.632175 Sending reply (None, None)
29693 14:29:32.632218 Command Completed (socket: True)
29693 14:29:32.632738 Running command ['updateConfig', {'halt': True, 'force': False, 'invalidate_stamp': None, 'dry_run': False, 'dump_signatures': [], 'extra_assume_provided': [], 'profile': False, 'prefile': [], 'postfile': [], 'server_timeout': None, 'nosetscene': False, 'setsceneonly': False, 'skipsetscene': False, 'runall': [], 'runonly': None, 'writeeventlog': None, 'build_verbose_shell': False, 'build_verbose_stdout': False, 'default_loglevel': 20, 'debug_domains': {}}, {'SHELL': '/bin/bash', 'BB_ENV_PASSTHROUGH_ADDITIONS': 'ALL_PROXY BBPATH_EXTRA BB_LOGCONFIG BB_NO_NETWORK BB_NUMBER_THREADS BB_SETSCENE_ENFORCE BB_SRCREV_POLICY DISTRO FTPS_PROXY FTP_PROXY GIT_PROXY_COMMAND HTTPS_PROXY HTTP_PROXY MACHINE NO_PROXY PARALLEL_MAKE SCREENDIR SDKMACHINE SOCKS5_PASSWD SOCKS5_USER SSH_AGENT_PID SSH_AUTH_SOCK STAMPS_DIR TCLIBC TCMODE all_proxy ftp_proxy ftps_proxy http_proxy https_proxy no_proxy ', 'SSH_AUTH_SOCK': '/run/user/1000/keyring/ssh', 'PWD': '/home/esteban/githubclone/RemoteCar-Embedded/yocto_image/poky-scarthgap-5.0/poky/rpi4', 'LOGNAME': 'esteban', 'HOME': '/home/esteban', 'BBPATH': '/home/esteban/githubclone/RemoteCar-Embedded/yocto_image/poky-scarthgap-5.0/poky/rpi4', 'USER': 'esteban', 'PATH': '/home/esteban/githubclone/RemoteCar-Embedded/yocto_image/poky-scarthgap-5.0/poky/scripts:/home/esteban/githubclone/RemoteCar-Embedded/yocto_image/poky-scarthgap-5.0/poky/bitbake/bin:/usr/local/sbin:/usr/local/bin:/usr/sbin:/usr/bin:/sbin:/bin:/usr/games:/usr/local/games:/snap/bin:/snap/bin', 'LC_ALL': 'en_US.UTF-8', 'SESSION_MANAGER': 'local/esteban:@/tmp/.ICE-unix/2599,unix/esteban:/tmp/.ICE-unix/2599', 'QT_ACCESSIBILITY': '1', 'COLORTERM': 'truecolor', 'XDG_CONFIG_DIRS': '/etc/xdg/xdg-ubuntu:/etc/xdg', 'XDG_MENU_PREFIX': 'gnome-', 'OE_ADDED_PATHS': '/home/esteban/githubclone/RemoteCar-Embedded/yocto_image/poky-scarthgap-5.0/poky/scripts:/home/esteban/githubclone/RemoteCar-Embedded/yocto_image/poky-scarthgap-5.0/poky/bitbake/bin:', 'GNOME_DESKTOP_SESSION_ID': 'this-is-deprecated', 'GNOME_KEYRING_CONTROL': '/run/user/1000/keyring', 'LANGUAGE': 'en_US:en', 'LC_ADDRESS': 'C.UTF-8', 'GNOME_SHELL_SESSION_MODE': 'ubuntu', 'LC_NAME': 'C.UTF-8', 'MEMORY_PRESSURE_WRITE': 'c29tZSAyMDAwMDAgMjAwMDAwMAA=', 'XMODIFIERS': '@im=ibus', 'DESKTOP_SESSION': 'ubuntu', 'LC_MONETARY': 'C.UTF-8', 'GTK_MODULES': 'gail:atk-bridge', 'XDG_SESSION_DESKTOP': 'ubuntu', 'XDG_SESSION_TYPE': 'wayland', 'SYSTEMD_EXEC_PID': '2830', 'XAUTHORITY': '/run/user/1000/.mutter-Xwaylandauth.7NUED3', 'USERNAME': 'esteban', 'IM_CONFIG_PHASE': '1', 'LC_PAPER': 'C.UTF-8', 'LANG': 'en_US.UTF-8', 'LS_COLORS': 'rs=0:di=01;34:ln=01;36:mh=00:pi=40;33:so=01;35:do=01;35:bd=40;33;01:cd=40;33;01:or=40;31;01:mi=00:su=37;41:sg=30;43:ca=00:tw=30;42:ow=34;42:st=37;44:ex=01;32:*.tar=01;31:*.tgz=01;31:*.arc=01;31:*.arj=01;31:*.taz=01;31:*.lha=01;31:*.lz4=01;31:*.lzh=01;31:*.lzma=01;31:*.tlz=01;31:*.txz=01;31:*.tzo=01;31:*.t7z=01;31:*.zip=01;31:*.z=01;31:*.dz=01;31:*.gz=01;31:*.lrz=01;31:*.lz=01;31:*.lzo=01;31:*.xz=01;31:*.zst=01;31:*.tzst=01;31:*.bz2=01;31:*.bz=01;31:*.tbz=01;31:*.tbz2=01;31:*.tz=01;31:*.deb=01;31:*.rpm=01;31:*.jar=01;31:*.war=01;31:*.ear=01;31:*.sar=01;31:*.rar=01;31:*.alz=01;31:*.ace=01;31:*.zoo=01;31:*.cpio=01;31:*.7z=01;31:*.rz=01;31:*.cab=01;31:*.wim=01;31:*.swm=01;31:*.dwm=01;31:*.esd=01;31:*.avif=01;35:*.jpg=01;35:*.jpeg=01;35:*.mjpg=01;35:*.mjpeg=01;35:*.gif=01;35:*.bmp=01;35:*.pbm=01;35:*.pgm=01;35:*.ppm=01;35:*.tga=01;35:*.xbm=01;35:*.xpm=01;35:*.tif=01;35:*.tiff=01;35:*.png=01;35:*.svg=01;35:*.svgz=01;35:*.mng=01;35:*.pcx=01;35:*.mov=01;35:*.mpg=01;35:*.mpeg=01;35:*.m2v=01;35:*.mkv=01;35:*.webm=01;35:*.webp=01;35:*.ogm=01;35:*.mp4=01;35:*.m4v=01;35:*.mp4v=01;35:*.vob=01;35:*.qt=01;35:*.nuv=01;35:*.wmv=01;35:*.asf=01;35:*.rm=01;35:*.rmvb=01;35:*.flc=01;35:*.avi=01;35:*.fli=01;35:*.flv=01;35:*.gl=01;35:*.dl=01;35:*.xcf=01;35:*.xwd=01;35:*.yuv=01;35:*.cgm=01;35:*.emf=01;35:*.ogv=01;35:*.ogx=01;35:*.aac=00;36:*.au=00;36:*.flac=00;36:*.m4a=00;36:*.mid=00;36:*.midi=00;36:*.mka=00;36:*.mp3=00;36:*.mpc=00;36:*.ogg=00;36:*.ra=00;36:*.wav=00;36:*.oga=00;36:*.opus=00;36:*.spx=00;36:*.xspf=00;36:*~=00;90:*#=00;90:*.bak=00;90:*.crdownload=00;90:*.dpkg-dist=00;90:*.dpkg-new=00;90:*.dpkg-old=00;90:*.dpkg-tmp=00;90:*.old=00;90:*.orig=00;90:*.part=00;90:*.rej=00;90:*.rpmnew=00;90:*.rpmorig=00;90:*.rpmsave=00;90:*.swp=00;90:*.tmp=00;90:*.ucf-dist=00;90:*.ucf-new=00;90:*.ucf-old=00;90:', 'XDG_CURRENT_DESKTOP': 'ubuntu:GNOME', 'MEMORY_PRESSURE_WATCH': '/sys/fs/cgroup/user.slice/user-1000.slice/user@1000.service/session.slice/org.gnome.SettingsDaemon.MediaKeys.service/memory.pressure', 'VTE_VERSION': '7600', 'WAYLAND_DISPLAY': 'wayland-0', 'GNOME_TERMINAL_SCREEN': '/org/gnome/Terminal/screen/62ffc8c8_8e18_4999_928e_6b130ce200a8', 'GNOME_SETUP_DISPLAY': ':1', 'LESSCLOSE': '/usr/bin/lesspipe %s %s', 'XDG_SESSION_CLASS': 'user', 'PYTHONPATH': '/home/esteban/githubclone/RemoteCar-Embedded/yocto_image/poky-scarthgap-5.0/poky/bitbake/lib:/home/esteban/githubclone/RemoteCar-Embedded/yocto_image/poky-scarthgap-5.0/poky/bitbake/lib:/home/esteban/githubclone/RemoteCar-Embedded/yocto_image/poky-scarthgap-5.0/poky/bitbake/lib:/home/esteban/githubclone/RemoteCar-Embedded/yocto_image/poky-scarthgap-5.0/poky/bitbake/lib:/home/esteban/githubclone/RemoteCar-Embedded/yocto_image/poky-scarthgap-5.0/poky/bitbake/lib:', 'TERM': 'xterm-256color', 'LC_IDENTIFICATION': 'C.UTF-8', 'LESSOPEN': '| /usr/bin/lesspipe %s', 'GNOME_TERMINAL_SERVICE': ':1.145', 'DISPLAY': ':0', 'SHLVL': '1', 'GSM_SKIP_SSH_AGENT_WORKAROUND': 'true', 'LC_TELEPHONE': 'C.UTF-8', 'QT_IM_MODULE': 'ibus', 'LC_MEASUREMENT': 'C.UTF-8', 'PAPERSIZE': 'a4', 'XDG_RUNTIME_DIR': '/run/user/1000', 'DEBUGINFOD_URLS': 'https://debuginfod.ubuntu.com ', 'LC_TIME': 'C.UTF-8', 'XDG_DATA_DIRS': '/usr/share/ubuntu:/usr/share/gnome:/usr/local/share/:/usr/share/:/var/lib/snapd/desktop', 'GDMSESSION': 'ubuntu', 'DBUS_SESSION_BUS_ADDRESS': 'unix:path=/run/user/1000/bus', 'BUILDDIR': '/home/esteban/githubclone/RemoteCar-Embedded/yocto_image/poky-scarthgap-5.0/poky/rpi4', 'LC_NUMERIC': 'C.UTF-8', 'OLDPWD': '/home/esteban/githubclone/RemoteCar-Embedded/yocto_image/poky-scarthgap-5.0/poky', '_': '/home/esteban/githubclone/RemoteCar-Embedded/yocto_image/poky-scarthgap-5.0/poky/bitbake/bin/bitbake'}, ['/home/esteban/githubclone/RemoteCar-Embedded/yocto_image/poky-scarthgap-5.0/poky/bitbake/bin/bitbake', 'core-image-minimal']]
29693 14:29:33.049058 Base config valid
/usr/lib/python3.12/multiprocessing/popen_fork.py:66: DeprecationWarning: This process (pid=29693) is multi-threaded, use of fork() may lead to deadlocks in the child.
  self.pid = os.fork()
29693 14:29:33.085154 Sending reply (None, None)
29693 14:29:33.085282 Command Completed (socket: True)
29693 14:29:33.085389 Running command ['getVariable', 'BBINCLUDELOGS']
29693 14:29:33.085449 Sending reply ('yes', None)
29693 14:29:33.085490 Command Completed (socket: True)
29693 14:29:33.085545 Running command ['getVariable', 'BBINCLUDELOGS_LINES']
29693 14:29:33.085573 Sending reply (None, None)
29693 14:29:33.085621 Command Completed (socket: True)
29693 14:29:33.085665 Running command ['getSetVariable', 'BB_CONSOLELOG']
29693 14:29:33.085757 Sending reply ('/home/esteban/githubclone/RemoteCar-Embedded/yocto_image/poky-scarthgap-5.0/poky/rpi4/tmp/log/cooker/raspberrypi4/20250924202932.log', None)
29693 14:29:33.085823 Command Completed (socket: True)
29693 14:29:33.085901 Running command ['getSetVariable', 'BB_LOGCONFIG']
29693 14:29:33.085929 Sending reply (None, None)
29693 14:29:33.085959 Command Completed (socket: True)
29693 14:29:33.087490 Running command ['getUIHandlerNum']
29693 14:29:33.087514 Sending reply (1, None)
29693 14:29:33.087550 Command Completed (socket: True)
29693 14:29:33.087704 Running command ['setEventMask', 1, 20, {'BitBake.RunQueue.HashEquiv': 19, 'BitBake.SigGen.HashEquiv': 19}, ['bb.runqueue.runQueueExitWait', 'bb.event.LogExecTTY', 'logging.LogRecord', 'bb.build.TaskFailed', 'bb.build.TaskBase', 'bb.event.ParseStarted', 'bb.event.ParseProgress', 'bb.event.ParseCompleted', 'bb.event.CacheLoadStarted', 'bb.event.CacheLoadProgress', 'bb.event.CacheLoadCompleted', 'bb.command.CommandFailed', 'bb.command.CommandExit', 'bb.command.CommandCompleted', 'bb.cooker.CookerExit', 'bb.event.MultipleProviders', 'bb.event.NoProvider', 'bb.runqueue.sceneQueueTaskStarted', 'bb.runqueue.runQueueTaskStarted', 'bb.runqueue.runQueueTaskFailed', 'bb.runqueue.sceneQueueTaskFailed', 'bb.event.BuildBase', 'bb.build.TaskStarted', 'bb.build.TaskSucceeded', 'bb.build.TaskFailedSilent', 'bb.build.TaskProgress', 'bb.event.ProcessStarted', 'bb.event.ProcessProgress', 'bb.event.ProcessFinished']]
29693 14:29:33.087736 Sending reply (True, None)
29693 14:29:33.087776 Command Completed (socket: True)
29693 14:29:33.087821 Running command ['getVariable', 'BB_DEFAULT_TASK']
29693 14:29:33.087839 Sending reply ('build', None)
29693 14:29:33.087868 Command Completed (socket: True)
29693 14:29:33.087910 Running command ['setConfig', 'cmd', 'build']
29693 14:29:33.087934 Sending reply (None, None)
29693 14:29:33.087963 Command Completed (socket: True)
29693 14:29:33.088009 Running command ['buildTargets', ['core-image-minimal'], 'build']
29693 14:29:33.088066 Registering idle function <bound method Command.runAsyncCommand of <bb.command.Command object at 0x70cbc0ae3c80>>
29693 14:29:33.088075 Sending reply (True, None)
29693 14:29:33.088102 Command Completed (socket: True)
29693 14:29:33.146693 Parsing started
29693 14:29:33.149585 Removing idle function <bound method Command.runAsyncCommand of <bb.command.Command object at 0x70cbc0ae3c80>> at idleFinish
29693 14:29:33.400923 Processing Client
29693 14:29:33.401195 Disconnecting Client (socket: True)
29693 14:29:33.402273 No timeout, exiting.
29693 14:29:33.502762 Exiting (socket: True)
29693 14:29:33.515378 Exiting as we could obtain the lock
sys:1: ResourceWarning: unclosed file <_io.TextIOWrapper name='/home/esteban/githubclone/RemoteCar-Embedded/yocto_image/poky-scarthgap-5.0/poky/rpi4/bitbake-cookerdaemon.log' mode='a+' encoding='UTF-8'>
